<?xml version="1.0" encoding="UTF-8"?>
<testsuite xmlns:xsi="http://www.w3.org/2001/XMLSchema-instance" xsi:noNamespaceSchemaLocation="https://maven.apache.org/surefire/maven-surefire-plugin/xsd/surefire-test-report.xsd" name="test.TestDevice" time="3.044" tests="1" errors="1" skipped="0" failures="0">
  <properties>
[...]
</properties>
  <testcase name="test" classname="test.TestDevice" time="2.753">
    <error message="Mapped Statements collection does not contain value for com.myssm.dao.DeviceMapper.selectAllDevice" type="java.lang.IllegalArgumentException">java.lang.IllegalArgumentException: Mapped Statements collection does not contain value for com.myssm.dao.DeviceMapper.selectAllDevice
	at test.TestDevice.test(TestDevice.java:19)
</error>
    <system-err><![CDATA[log4j:WARN No appenders could be found for logger (org.springframework.test.context.junit4.SpringJUnit4ClassRunner).
log4j:WARN Please initialize the log4j system properly.
log4j:WARN See http://logging.apache.org/log4j/1.2/faq.html#noconfig for more info.
]]></system-err>
  </testcase>
</testsuite>